<ShowPlanXML xmlns="http://schemas.microsoft.com/sqlserver/2004/07/showplan" Version="1.2" Build="11.0.3128.0"><BatchSequence><Batch><Statements><StmtSimple StatementText="select * --This query return how many rows&#xd;&#xa;from address_oltp OL&#xd;&#xa;where OL.client_id in (select AST.clientid from address_staging AST WHERe AST.clientid = 101) &#xd;&#xa;" StatementId="1" StatementCompId="1" StatementType="SELECT" RetrievedFromCache="false" StatementSubTreeCost="0.00657038" StatementEstRows="1" StatementOptmLevel="FULL" QueryHash="0x52358B2D8E9E3723" QueryPlanHash="0xBC672E633CBB5013" StatementOptmEarlyAbortReason="GoodEnoughPlanFound"><StatementSetOptions QUOTED_IDENTIFIER="true" ARITHABORT="true" CONCAT_NULL_YIELDS_NULL="true" ANSI_NULLS="true" ANSI_PADDING="true" ANSI_WARNINGS="true" NUMERIC_ROUNDABORT="false"/><QueryPlan CachedPlanSize="16" CompileTime="13" CompileCPU="10" CompileMemory="168"><MemoryGrantInfo SerialRequiredMemory="0" SerialDesiredMemory="0"/><OptimizerHardwareDependentProperties EstimatedAvailableMemoryGrant="103502" EstimatedPagesCached="51751" EstimatedAvailableDegreeOfParallelism="4"/><RelOp NodeId="0" PhysicalOp="Nested Loops" LogicalOp="Left Semi Join" EstimateRows="1" EstimateIO="0" EstimateCPU="4.18e-006" AvgRowSize="140" EstimatedTotalSubtreeCost="0.00657038" Parallel="0" EstimateRebinds="0" EstimateRewinds="0" EstimatedExecutionMode="Row"><OutputList><ColumnReference Database="[Atlas]" Schema="[dbo]" Table="[address_oltp]" Alias="[OL]" Column="client_id"/><ColumnReference Database="[Atlas]" Schema="[dbo]" Table="[address_oltp]" Alias="[OL]" Column="address_details"/></OutputList><NestedLoops Optimized="0"><RelOp NodeId="1" PhysicalOp="Clustered Index Seek" LogicalOp="Clustered Index Seek" EstimateRows="1" EstimateIO="0.003125" EstimateCPU="0.0001581" AvgRowSize="140" EstimatedTotalSubtreeCost="0.0032831" TableCardinality="3" Parallel="0" EstimateRebinds="0" EstimateRewinds="0" EstimatedExecutionMode="Row"><OutputList><ColumnReference Database="[Atlas]" Schema="[dbo]" Table="[address_oltp]" Alias="[OL]" Column="client_id"/><ColumnReference Database="[Atlas]" Schema="[dbo]" Table="[address_oltp]" Alias="[OL]" Column="address_details"/></OutputList><IndexScan Ordered="1" ScanDirection="FORWARD" ForcedIndex="0" ForceSeek="0" ForceScan="0" NoExpandHint="0" Storage="RowStore"><DefinedValues><DefinedValue><ColumnReference Database="[Atlas]" Schema="[dbo]" Table="[address_oltp]" Alias="[OL]" Column="client_id"/></DefinedValue><DefinedValue><ColumnReference Database="[Atlas]" Schema="[dbo]" Table="[address_oltp]" Alias="[OL]" Column="address_details"/></DefinedValue></DefinedValues><Object Database="[Atlas]" Schema="[dbo]" Table="[address_oltp]" Index="[PK__address___BF21A424B11DBAB7]" Alias="[OL]" IndexKind="Clustered"/><SeekPredicates><SeekPredicateNew><SeekKeys><Prefix ScanType="EQ"><RangeColumns><ColumnReference Database="[Atlas]" Schema="[dbo]" Table="[address_oltp]" Alias="[OL]" Column="client_id"/></RangeColumns><RangeExpressions><ScalarOperator ScalarString="(101)"><Const ConstValue="(101)"/></ScalarOperator></RangeExpressions></Prefix></SeekKeys></SeekPredicateNew></SeekPredicates></IndexScan></RelOp><RelOp NodeId="2" PhysicalOp="Clustered Index Seek" LogicalOp="Clustered Index Seek" EstimateRows="1" EstimateIO="0.003125" EstimateCPU="0.0001581" AvgRowSize="9" EstimatedTotalSubtreeCost="0.0032831" TableCardinality="3" Parallel="0" EstimateRebinds="0" EstimateRewinds="0" EstimatedExecutionMode="Row"><OutputList/><IndexScan Ordered="1" ScanDirection="FORWARD" ForcedIndex="0" ForceSeek="0" ForceScan="0" NoExpandHint="0" Storage="RowStore"><DefinedValues/><Object Database="[Atlas]" Schema="[dbo]" Table="[address_staging]" Index="[PK__address___819DC76945866634]" Alias="[AST]" IndexKind="Clustered"/><SeekPredicates><SeekPredicateNew><SeekKeys><Prefix ScanType="EQ"><RangeColumns><ColumnReference Database="[Atlas]" Schema="[dbo]" Table="[address_staging]" Alias="[AST]" Column="clientid"/></RangeColumns><RangeExpressions><ScalarOperator ScalarString="(101)"><Const ConstValue="(101)"/></ScalarOperator></RangeExpressions></Prefix></SeekKeys></SeekPredicateNew></SeekPredicates></IndexScan></RelOp></NestedLoops></RelOp></QueryPlan></StmtSimple></Statements></Batch></BatchSequence></ShowPlanXML>